

Started GET "/" for 127.0.0.1 at 2014-07-30 16:12:17 +1000
Processing by Rails::WelcomeController#index as HTML
  Rendered /Library/Ruby/Gems/2.0.0/gems/railties-4.1.4/lib/rails/templates/rails/welcome/index.html.erb (1.4ms)
Completed 200 OK in 25ms (Views: 5.3ms | ActiveRecord: 0.0ms)


Started GET "/rails/info/properties" for 127.0.0.1 at 2014-07-30 16:25:05 +1000
Processing by Rails::InfoController#properties as */*
  Rendered /Library/Ruby/Gems/2.0.0/gems/railties-4.1.4/lib/rails/templates/rails/info/properties.html.erb (0.3ms)
Completed 200 OK in 23ms (Views: 7.3ms | ActiveRecord: 0.8ms)


Started GET "/" for 127.0.0.1 at 2014-07-30 16:36:26 +1000
Processing by WelcomeController#index as HTML
  Rendered welcome/index.html.erb within layouts/application (0.3ms)
Completed 200 OK in 778ms (Views: 777.5ms | ActiveRecord: 0.0ms)


Started GET "/assets/application.css?body=1" for 127.0.0.1 at 2014-07-30 16:36:27 +1000


Started GET "/assets/welcome.css?body=1" for 127.0.0.1 at 2014-07-30 16:36:27 +1000


Started GET "/assets/turbolinks.js?body=1" for 127.0.0.1 at 2014-07-30 16:36:27 +1000


Started GET "/assets/jquery.js?body=1" for 127.0.0.1 at 2014-07-30 16:36:27 +1000


Started GET "/assets/application.js?body=1" for 127.0.0.1 at 2014-07-30 16:36:27 +1000


Started GET "/assets/jquery_ujs.js?body=1" for 127.0.0.1 at 2014-07-30 16:36:27 +1000


Started GET "/assets/welcome.js?body=1" for 127.0.0.1 at 2014-07-30 16:36:27 +1000


Started GET "/articles/new" for 127.0.0.1 at 2014-07-30 20:37:16 +1000

ActionController::RoutingError (uninitialized constant ArticlesController):
  activesupport (4.1.4) lib/active_support/inflector/methods.rb:238:in `const_get'
  activesupport (4.1.4) lib/active_support/inflector/methods.rb:238:in `block in constantize'
  activesupport (4.1.4) lib/active_support/inflector/methods.rb:236:in `each'
  activesupport (4.1.4) lib/active_support/inflector/methods.rb:236:in `inject'
  activesupport (4.1.4) lib/active_support/inflector/methods.rb:236:in `constantize'
  actionpack (4.1.4) lib/action_dispatch/routing/route_set.rb:78:in `controller_reference'
  actionpack (4.1.4) lib/action_dispatch/routing/route_set.rb:68:in `controller'
  actionpack (4.1.4) lib/action_dispatch/routing/route_set.rb:46:in `call'
  actionpack (4.1.4) lib/action_dispatch/journey/router.rb:71:in `block in call'
  actionpack (4.1.4) lib/action_dispatch/journey/router.rb:59:in `each'
  actionpack (4.1.4) lib/action_dispatch/journey/router.rb:59:in `call'
  actionpack (4.1.4) lib/action_dispatch/routing/route_set.rb:678:in `call'
  rack (1.5.2) lib/rack/etag.rb:23:in `call'
  rack (1.5.2) lib/rack/conditionalget.rb:25:in `call'
  rack (1.5.2) lib/rack/head.rb:11:in `call'
  actionpack (4.1.4) lib/action_dispatch/middleware/params_parser.rb:27:in `call'
  actionpack (4.1.4) lib/action_dispatch/middleware/flash.rb:254:in `call'
  rack (1.5.2) lib/rack/session/abstract/id.rb:225:in `context'
  rack (1.5.2) lib/rack/session/abstract/id.rb:220:in `call'
  actionpack (4.1.4) lib/action_dispatch/middleware/cookies.rb:560:in `call'
  activerecord (4.1.4) lib/active_record/query_cache.rb:36:in `call'
  activerecord (4.1.4) lib/active_record/connection_adapters/abstract/connection_pool.rb:621:in `call'
  activerecord (4.1.4) lib/active_record/migration.rb:380:in `call'
  actionpack (4.1.4) lib/action_dispatch/middleware/callbacks.rb:29:in `block in call'
  activesupport (4.1.4) lib/active_support/callbacks.rb:82:in `run_callbacks'
  actionpack (4.1.4) lib/action_dispatch/middleware/callbacks.rb:27:in `call'
  actionpack (4.1.4) lib/action_dispatch/middleware/reloader.rb:73:in `call'
  actionpack (4.1.4) lib/action_dispatch/middleware/remote_ip.rb:76:in `call'
  actionpack (4.1.4) lib/action_dispatch/middleware/debug_exceptions.rb:17:in `call'
  actionpack (4.1.4) lib/action_dispatch/middleware/show_exceptions.rb:30:in `call'
  railties (4.1.4) lib/rails/rack/logger.rb:38:in `call_app'
  railties (4.1.4) lib/rails/rack/logger.rb:20:in `block in call'
  activesupport (4.1.4) lib/active_support/tagged_logging.rb:68:in `block in tagged'
  activesupport (4.1.4) lib/active_support/tagged_logging.rb:26:in `tagged'
  activesupport (4.1.4) lib/active_support/tagged_logging.rb:68:in `tagged'
  railties (4.1.4) lib/rails/rack/logger.rb:20:in `call'
  actionpack (4.1.4) lib/action_dispatch/middleware/request_id.rb:21:in `call'
  rack (1.5.2) lib/rack/methodoverride.rb:21:in `call'
  rack (1.5.2) lib/rack/runtime.rb:17:in `call'
  activesupport (4.1.4) lib/active_support/cache/strategy/local_cache_middleware.rb:26:in `call'
  rack (1.5.2) lib/rack/lock.rb:17:in `call'
  actionpack (4.1.4) lib/action_dispatch/middleware/static.rb:64:in `call'
  rack (1.5.2) lib/rack/sendfile.rb:112:in `call'
  railties (4.1.4) lib/rails/engine.rb:514:in `call'
  railties (4.1.4) lib/rails/application.rb:144:in `call'
  rack (1.5.2) lib/rack/lock.rb:17:in `call'
  rack (1.5.2) lib/rack/content_length.rb:14:in `call'
  rack (1.5.2) lib/rack/handler/webrick.rb:60:in `service'
  /System/Library/Frameworks/Ruby.framework/Versions/2.0/usr/lib/ruby/2.0.0/webrick/httpserver.rb:138:in `service'
  /System/Library/Frameworks/Ruby.framework/Versions/2.0/usr/lib/ruby/2.0.0/webrick/httpserver.rb:94:in `run'
  /System/Library/Frameworks/Ruby.framework/Versions/2.0/usr/lib/ruby/2.0.0/webrick/server.rb:295:in `block in start_thread'


  Rendered /Library/Ruby/Gems/2.0.0/gems/actionpack-4.1.4/lib/action_dispatch/middleware/templates/rescues/_trace.html.erb (0.9ms)
  Rendered /Library/Ruby/Gems/2.0.0/gems/actionpack-4.1.4/lib/action_dispatch/middleware/templates/routes/_route.html.erb (1.3ms)
  Rendered /Library/Ruby/Gems/2.0.0/gems/actionpack-4.1.4/lib/action_dispatch/middleware/templates/routes/_table.html.erb (62.5ms)
  Rendered /Library/Ruby/Gems/2.0.0/gems/actionpack-4.1.4/lib/action_dispatch/middleware/templates/rescues/routing_error.html.erb within rescues/layout (84.8ms)


Started GET "/articles/new" for 127.0.0.1 at 2014-07-30 20:37:33 +1000

ActionController::RoutingError (uninitialized constant ArticlesController):
  activesupport (4.1.4) lib/active_support/inflector/methods.rb:238:in `const_get'
  activesupport (4.1.4) lib/active_support/inflector/methods.rb:238:in `block in constantize'
  activesupport (4.1.4) lib/active_support/inflector/methods.rb:236:in `each'
  activesupport (4.1.4) lib/active_support/inflector/methods.rb:236:in `inject'
  activesupport (4.1.4) lib/active_support/inflector/methods.rb:236:in `constantize'
  actionpack (4.1.4) lib/action_dispatch/routing/route_set.rb:78:in `controller_reference'
  actionpack (4.1.4) lib/action_dispatch/routing/route_set.rb:68:in `controller'
  actionpack (4.1.4) lib/action_dispatch/routing/route_set.rb:46:in `call'
  actionpack (4.1.4) lib/action_dispatch/journey/router.rb:71:in `block in call'
  actionpack (4.1.4) lib/action_dispatch/journey/router.rb:59:in `each'
  actionpack (4.1.4) lib/action_dispatch/journey/router.rb:59:in `call'
  actionpack (4.1.4) lib/action_dispatch/routing/route_set.rb:678:in `call'
  rack (1.5.2) lib/rack/etag.rb:23:in `call'
  rack (1.5.2) lib/rack/conditionalget.rb:25:in `call'
  rack (1.5.2) lib/rack/head.rb:11:in `call'
  actionpack (4.1.4) lib/action_dispatch/middleware/params_parser.rb:27:in `call'
  actionpack (4.1.4) lib/action_dispatch/middleware/flash.rb:254:in `call'
  rack (1.5.2) lib/rack/session/abstract/id.rb:225:in `context'
  rack (1.5.2) lib/rack/session/abstract/id.rb:220:in `call'
  actionpack (4.1.4) lib/action_dispatch/middleware/cookies.rb:560:in `call'
  activerecord (4.1.4) lib/active_record/query_cache.rb:36:in `call'
  activerecord (4.1.4) lib/active_record/connection_adapters/abstract/connection_pool.rb:621:in `call'
  activerecord (4.1.4) lib/active_record/migration.rb:380:in `call'
  actionpack (4.1.4) lib/action_dispatch/middleware/callbacks.rb:29:in `block in call'
  activesupport (4.1.4) lib/active_support/callbacks.rb:82:in `run_callbacks'
  actionpack (4.1.4) lib/action_dispatch/middleware/callbacks.rb:27:in `call'
  actionpack (4.1.4) lib/action_dispatch/middleware/reloader.rb:73:in `call'
  actionpack (4.1.4) lib/action_dispatch/middleware/remote_ip.rb:76:in `call'
  actionpack (4.1.4) lib/action_dispatch/middleware/debug_exceptions.rb:17:in `call'
  actionpack (4.1.4) lib/action_dispatch/middleware/show_exceptions.rb:30:in `call'
  railties (4.1.4) lib/rails/rack/logger.rb:38:in `call_app'
  railties (4.1.4) lib/rails/rack/logger.rb:20:in `block in call'
  activesupport (4.1.4) lib/active_support/tagged_logging.rb:68:in `block in tagged'
  activesupport (4.1.4) lib/active_support/tagged_logging.rb:26:in `tagged'
  activesupport (4.1.4) lib/active_support/tagged_logging.rb:68:in `tagged'
  railties (4.1.4) lib/rails/rack/logger.rb:20:in `call'
  actionpack (4.1.4) lib/action_dispatch/middleware/request_id.rb:21:in `call'
  rack (1.5.2) lib/rack/methodoverride.rb:21:in `call'
  rack (1.5.2) lib/rack/runtime.rb:17:in `call'
  activesupport (4.1.4) lib/active_support/cache/strategy/local_cache_middleware.rb:26:in `call'
  rack (1.5.2) lib/rack/lock.rb:17:in `call'
  actionpack (4.1.4) lib/action_dispatch/middleware/static.rb:64:in `call'
  rack (1.5.2) lib/rack/sendfile.rb:112:in `call'
  railties (4.1.4) lib/rails/engine.rb:514:in `call'
  railties (4.1.4) lib/rails/application.rb:144:in `call'
  rack (1.5.2) lib/rack/lock.rb:17:in `call'
  rack (1.5.2) lib/rack/content_length.rb:14:in `call'
  rack (1.5.2) lib/rack/handler/webrick.rb:60:in `service'
  /System/Library/Frameworks/Ruby.framework/Versions/2.0/usr/lib/ruby/2.0.0/webrick/httpserver.rb:138:in `service'
  /System/Library/Frameworks/Ruby.framework/Versions/2.0/usr/lib/ruby/2.0.0/webrick/httpserver.rb:94:in `run'
  /System/Library/Frameworks/Ruby.framework/Versions/2.0/usr/lib/ruby/2.0.0/webrick/server.rb:295:in `block in start_thread'


  Rendered /Library/Ruby/Gems/2.0.0/gems/actionpack-4.1.4/lib/action_dispatch/middleware/templates/rescues/_trace.html.erb (1.0ms)
  Rendered /Library/Ruby/Gems/2.0.0/gems/actionpack-4.1.4/lib/action_dispatch/middleware/templates/routes/_route.html.erb (1.2ms)
  Rendered /Library/Ruby/Gems/2.0.0/gems/actionpack-4.1.4/lib/action_dispatch/middleware/templates/routes/_table.html.erb (0.9ms)
  Rendered /Library/Ruby/Gems/2.0.0/gems/actionpack-4.1.4/lib/action_dispatch/middleware/templates/rescues/routing_error.html.erb within rescues/layout (17.4ms)


Started GET "/articles/new" for 127.0.0.1 at 2014-07-30 20:40:39 +1000

AbstractController::ActionNotFound (The action 'new' could not be found for ArticlesController):
  actionpack (4.1.4) lib/abstract_controller/base.rb:131:in `process'
  actionview (4.1.4) lib/action_view/rendering.rb:30:in `process'
  actionpack (4.1.4) lib/action_controller/metal.rb:196:in `dispatch'
  actionpack (4.1.4) lib/action_controller/metal/rack_delegation.rb:13:in `dispatch'
  actionpack (4.1.4) lib/action_controller/metal.rb:232:in `block in action'
  actionpack (4.1.4) lib/action_dispatch/routing/route_set.rb:82:in `call'
  actionpack (4.1.4) lib/action_dispatch/routing/route_set.rb:82:in `dispatch'
  actionpack (4.1.4) lib/action_dispatch/routing/route_set.rb:50:in `call'
  actionpack (4.1.4) lib/action_dispatch/journey/router.rb:71:in `block in call'
  actionpack (4.1.4) lib/action_dispatch/journey/router.rb:59:in `each'
  actionpack (4.1.4) lib/action_dispatch/journey/router.rb:59:in `call'
  actionpack (4.1.4) lib/action_dispatch/routing/route_set.rb:678:in `call'
  rack (1.5.2) lib/rack/etag.rb:23:in `call'
  rack (1.5.2) lib/rack/conditionalget.rb:25:in `call'
  rack (1.5.2) lib/rack/head.rb:11:in `call'
  actionpack (4.1.4) lib/action_dispatch/middleware/params_parser.rb:27:in `call'
  actionpack (4.1.4) lib/action_dispatch/middleware/flash.rb:254:in `call'
  rack (1.5.2) lib/rack/session/abstract/id.rb:225:in `context'
  rack (1.5.2) lib/rack/session/abstract/id.rb:220:in `call'
  actionpack (4.1.4) lib/action_dispatch/middleware/cookies.rb:560:in `call'
  activerecord (4.1.4) lib/active_record/query_cache.rb:36:in `call'
  activerecord (4.1.4) lib/active_record/connection_adapters/abstract/connection_pool.rb:621:in `call'
  activerecord (4.1.4) lib/active_record/migration.rb:380:in `call'
  actionpack (4.1.4) lib/action_dispatch/middleware/callbacks.rb:29:in `block in call'
  activesupport (4.1.4) lib/active_support/callbacks.rb:82:in `run_callbacks'
  actionpack (4.1.4) lib/action_dispatch/middleware/callbacks.rb:27:in `call'
  actionpack (4.1.4) lib/action_dispatch/middleware/reloader.rb:73:in `call'
  actionpack (4.1.4) lib/action_dispatch/middleware/remote_ip.rb:76:in `call'
  actionpack (4.1.4) lib/action_dispatch/middleware/debug_exceptions.rb:17:in `call'
  actionpack (4.1.4) lib/action_dispatch/middleware/show_exceptions.rb:30:in `call'
  railties (4.1.4) lib/rails/rack/logger.rb:38:in `call_app'
  railties (4.1.4) lib/rails/rack/logger.rb:20:in `block in call'
  activesupport (4.1.4) lib/active_support/tagged_logging.rb:68:in `block in tagged'
  activesupport (4.1.4) lib/active_support/tagged_logging.rb:26:in `tagged'
  activesupport (4.1.4) lib/active_support/tagged_logging.rb:68:in `tagged'
  railties (4.1.4) lib/rails/rack/logger.rb:20:in `call'
  actionpack (4.1.4) lib/action_dispatch/middleware/request_id.rb:21:in `call'
  rack (1.5.2) lib/rack/methodoverride.rb:21:in `call'
  rack (1.5.2) lib/rack/runtime.rb:17:in `call'
  activesupport (4.1.4) lib/active_support/cache/strategy/local_cache_middleware.rb:26:in `call'
  rack (1.5.2) lib/rack/lock.rb:17:in `call'
  actionpack (4.1.4) lib/action_dispatch/middleware/static.rb:64:in `call'
  rack (1.5.2) lib/rack/sendfile.rb:112:in `call'
  railties (4.1.4) lib/rails/engine.rb:514:in `call'
  railties (4.1.4) lib/rails/application.rb:144:in `call'
  rack (1.5.2) lib/rack/lock.rb:17:in `call'
  rack (1.5.2) lib/rack/content_length.rb:14:in `call'
  rack (1.5.2) lib/rack/handler/webrick.rb:60:in `service'
  /System/Library/Frameworks/Ruby.framework/Versions/2.0/usr/lib/ruby/2.0.0/webrick/httpserver.rb:138:in `service'
  /System/Library/Frameworks/Ruby.framework/Versions/2.0/usr/lib/ruby/2.0.0/webrick/httpserver.rb:94:in `run'
  /System/Library/Frameworks/Ruby.framework/Versions/2.0/usr/lib/ruby/2.0.0/webrick/server.rb:295:in `block in start_thread'


  Rendered /Library/Ruby/Gems/2.0.0/gems/actionpack-4.1.4/lib/action_dispatch/middleware/templates/rescues/unknown_action.html.erb within rescues/layout (0.4ms)


Started GET "/articles/new" for 127.0.0.1 at 2014-07-30 20:42:31 +1000

SyntaxError (/Users/billqxy/Documents/RubyOnRails/blog/app/controllers/articles_controller.rb:4: syntax error, unexpected keyword_end, expecting end-of-input):
  app/controllers/articles_controller.rb:4: syntax error, unexpected keyword_end, expecting end-of-input


  Rendered /Library/Ruby/Gems/2.0.0/gems/actionpack-4.1.4/lib/action_dispatch/middleware/templates/rescues/_source.erb (0.5ms)
  Rendered /Library/Ruby/Gems/2.0.0/gems/actionpack-4.1.4/lib/action_dispatch/middleware/templates/rescues/_trace.html.erb (0.9ms)
  Rendered /Library/Ruby/Gems/2.0.0/gems/actionpack-4.1.4/lib/action_dispatch/middleware/templates/rescues/_request_and_response.html.erb (20.0ms)
  Rendered /Library/Ruby/Gems/2.0.0/gems/actionpack-4.1.4/lib/action_dispatch/middleware/templates/rescues/diagnostics.erb within rescues/layout (33.7ms)


Started GET "/articles/new" for 127.0.0.1 at 2014-07-30 20:42:57 +1000

ActionController::RoutingError (undefined method `define' for ArticlesController:Class):
  app/controllers/articles_controller.rb:2:in `<class:ArticlesController>'
  app/controllers/articles_controller.rb:1:in `<top (required)>'


  Rendered /Library/Ruby/Gems/2.0.0/gems/actionpack-4.1.4/lib/action_dispatch/middleware/templates/rescues/_trace.html.erb (0.9ms)
  Rendered /Library/Ruby/Gems/2.0.0/gems/actionpack-4.1.4/lib/action_dispatch/middleware/templates/routes/_route.html.erb (1.2ms)
  Rendered /Library/Ruby/Gems/2.0.0/gems/actionpack-4.1.4/lib/action_dispatch/middleware/templates/routes/_table.html.erb (0.9ms)
  Rendered /Library/Ruby/Gems/2.0.0/gems/actionpack-4.1.4/lib/action_dispatch/middleware/templates/rescues/routing_error.html.erb within rescues/layout (18.3ms)


Started GET "/articles/new" for 127.0.0.1 at 2014-07-30 20:43:27 +1000

SyntaxError (/Users/billqxy/Documents/RubyOnRails/blog/app/controllers/articles_controller.rb:3: syntax error, unexpected end-of-input, expecting keyword_end):
  app/controllers/articles_controller.rb:3: syntax error, unexpected end-of-input, expecting keyword_end


  Rendered /Library/Ruby/Gems/2.0.0/gems/actionpack-4.1.4/lib/action_dispatch/middleware/templates/rescues/_source.erb (0.5ms)
  Rendered /Library/Ruby/Gems/2.0.0/gems/actionpack-4.1.4/lib/action_dispatch/middleware/templates/rescues/_trace.html.erb (0.9ms)
  Rendered /Library/Ruby/Gems/2.0.0/gems/actionpack-4.1.4/lib/action_dispatch/middleware/templates/rescues/_request_and_response.html.erb (0.8ms)
  Rendered /Library/Ruby/Gems/2.0.0/gems/actionpack-4.1.4/lib/action_dispatch/middleware/templates/rescues/diagnostics.erb within rescues/layout (12.3ms)


Started GET "/articles/new" for 127.0.0.1 at 2014-07-30 20:43:44 +1000
Processing by ArticlesController#new as HTML
Completed 500 Internal Server Error in 1ms

ActionView::MissingTemplate (Missing template articles/new, application/new with {:locale=>[:en], :formats=>[:html], :variants=>[], :handlers=>[:erb, :builder, :raw, :ruby, :jbuilder, :coffee]}. Searched in:
  * "/Users/billqxy/Documents/RubyOnRails/blog/app/views"
):
  actionview (4.1.4) lib/action_view/path_set.rb:46:in `find'
  actionview (4.1.4) lib/action_view/lookup_context.rb:124:in `find'
  actionview (4.1.4) lib/action_view/renderer/abstract_renderer.rb:18:in `find_template'
  actionview (4.1.4) lib/action_view/renderer/template_renderer.rb:41:in `determine_template'
  actionview (4.1.4) lib/action_view/renderer/template_renderer.rb:8:in `render'
  actionview (4.1.4) lib/action_view/renderer/renderer.rb:42:in `render_template'
  actionview (4.1.4) lib/action_view/renderer/renderer.rb:23:in `render'
  actionview (4.1.4) lib/action_view/rendering.rb:99:in `_render_template'
  actionpack (4.1.4) lib/action_controller/metal/streaming.rb:217:in `_render_template'
  actionview (4.1.4) lib/action_view/rendering.rb:82:in `render_to_body'
  actionpack (4.1.4) lib/action_controller/metal/rendering.rb:32:in `render_to_body'
  actionpack (4.1.4) lib/action_controller/metal/renderers.rb:32:in `render_to_body'
  actionpack (4.1.4) lib/abstract_controller/rendering.rb:25:in `render'
  actionpack (4.1.4) lib/action_controller/metal/rendering.rb:16:in `render'
  actionpack (4.1.4) lib/action_controller/metal/instrumentation.rb:41:in `block (2 levels) in render'
  activesupport (4.1.4) lib/active_support/core_ext/benchmark.rb:12:in `block in ms'
  /System/Library/Frameworks/Ruby.framework/Versions/2.0/usr/lib/ruby/2.0.0/benchmark.rb:296:in `realtime'
  activesupport (4.1.4) lib/active_support/core_ext/benchmark.rb:12:in `ms'
  actionpack (4.1.4) lib/action_controller/metal/instrumentation.rb:41:in `block in render'
  actionpack (4.1.4) lib/action_controller/metal/instrumentation.rb:84:in `cleanup_view_runtime'
  activerecord (4.1.4) lib/active_record/railties/controller_runtime.rb:25:in `cleanup_view_runtime'
  actionpack (4.1.4) lib/action_controller/metal/instrumentation.rb:40:in `render'
  actionpack (4.1.4) lib/action_controller/metal/implicit_render.rb:10:in `default_render'
  actionpack (4.1.4) lib/action_controller/metal/implicit_render.rb:5:in `send_action'
  actionpack (4.1.4) lib/abstract_controller/base.rb:189:in `process_action'
  actionpack (4.1.4) lib/action_controller/metal/rendering.rb:10:in `process_action'
  actionpack (4.1.4) lib/abstract_controller/callbacks.rb:20:in `block in process_action'
  activesupport (4.1.4) lib/active_support/callbacks.rb:113:in `call'
  activesupport (4.1.4) lib/active_support/callbacks.rb:113:in `call'
  activesupport (4.1.4) lib/active_support/callbacks.rb:229:in `block in halting'
  activesupport (4.1.4) lib/active_support/callbacks.rb:229:in `call'
  activesupport (4.1.4) lib/active_support/callbacks.rb:229:in `block in halting'
  activesupport (4.1.4) lib/active_support/callbacks.rb:166:in `call'
  activesupport (4.1.4) lib/active_support/callbacks.rb:166:in `block in halting'
  activesupport (4.1.4) lib/active_support/callbacks.rb:166:in `call'
  activesupport (4.1.4) lib/active_support/callbacks.rb:166:in `block in halting'
  activesupport (4.1.4) lib/active_support/callbacks.rb:166:in `call'
  activesupport (4.1.4) lib/active_support/callbacks.rb:166:in `block in halting'
  activesupport (4.1.4) lib/active_support/callbacks.rb:86:in `call'
  activesupport (4.1.4) lib/active_support/callbacks.rb:86:in `run_callbacks'
  actionpack (4.1.4) lib/abstract_controller/callbacks.rb:19:in `process_action'
  actionpack (4.1.4) lib/action_controller/metal/rescue.rb:29:in `process_action'
  actionpack (4.1.4) lib/action_controller/metal/instrumentation.rb:31:in `block in process_action'
  activesupport (4.1.4) lib/active_support/notifications.rb:159:in `block in instrument'
  activesupport (4.1.4) lib/active_support/notifications/instrumenter.rb:20:in `instrument'
  activesupport (4.1.4) lib/active_support/notifications.rb:159:in `instrument'
  actionpack (4.1.4) lib/action_controller/metal/instrumentation.rb:30:in `process_action'
  actionpack (4.1.4) lib/action_controller/metal/params_wrapper.rb:250:in `process_action'
  activerecord (4.1.4) lib/active_record/railties/controller_runtime.rb:18:in `process_action'
  actionpack (4.1.4) lib/abstract_controller/base.rb:136:in `process'
  actionview (4.1.4) lib/action_view/rendering.rb:30:in `process'
  actionpack (4.1.4) lib/action_controller/metal.rb:196:in `dispatch'
  actionpack (4.1.4) lib/action_controller/metal/rack_delegation.rb:13:in `dispatch'
  actionpack (4.1.4) lib/action_controller/metal.rb:232:in `block in action'
  actionpack (4.1.4) lib/action_dispatch/routing/route_set.rb:82:in `call'
  actionpack (4.1.4) lib/action_dispatch/routing/route_set.rb:82:in `dispatch'
  actionpack (4.1.4) lib/action_dispatch/routing/route_set.rb:50:in `call'
  actionpack (4.1.4) lib/action_dispatch/journey/router.rb:71:in `block in call'
  actionpack (4.1.4) lib/action_dispatch/journey/router.rb:59:in `each'
  actionpack (4.1.4) lib/action_dispatch/journey/router.rb:59:in `call'
  actionpack (4.1.4) lib/action_dispatch/routing/route_set.rb:678:in `call'
  rack (1.5.2) lib/rack/etag.rb:23:in `call'
  rack (1.5.2) lib/rack/conditionalget.rb:25:in `call'
  rack (1.5.2) lib/rack/head.rb:11:in `call'
  actionpack (4.1.4) lib/action_dispatch/middleware/params_parser.rb:27:in `call'
  actionpack (4.1.4) lib/action_dispatch/middleware/flash.rb:254:in `call'
  rack (1.5.2) lib/rack/session/abstract/id.rb:225:in `context'
  rack (1.5.2) lib/rack/session/abstract/id.rb:220:in `call'
  actionpack (4.1.4) lib/action_dispatch/middleware/cookies.rb:560:in `call'
  activerecord (4.1.4) lib/active_record/query_cache.rb:36:in `call'
  activerecord (4.1.4) lib/active_record/connection_adapters/abstract/connection_pool.rb:621:in `call'
  activerecord (4.1.4) lib/active_record/migration.rb:380:in `call'
  actionpack (4.1.4) lib/action_dispatch/middleware/callbacks.rb:29:in `block in call'
  activesupport (4.1.4) lib/active_support/callbacks.rb:82:in `run_callbacks'
  actionpack (4.1.4) lib/action_dispatch/middleware/callbacks.rb:27:in `call'
  actionpack (4.1.4) lib/action_dispatch/middleware/reloader.rb:73:in `call'
  actionpack (4.1.4) lib/action_dispatch/middleware/remote_ip.rb:76:in `call'
  actionpack (4.1.4) lib/action_dispatch/middleware/debug_exceptions.rb:17:in `call'
  actionpack (4.1.4) lib/action_dispatch/middleware/show_exceptions.rb:30:in `call'
  railties (4.1.4) lib/rails/rack/logger.rb:38:in `call_app'
  railties (4.1.4) lib/rails/rack/logger.rb:20:in `block in call'
  activesupport (4.1.4) lib/active_support/tagged_logging.rb:68:in `block in tagged'
  activesupport (4.1.4) lib/active_support/tagged_logging.rb:26:in `tagged'
  activesupport (4.1.4) lib/active_support/tagged_logging.rb:68:in `tagged'
  railties (4.1.4) lib/rails/rack/logger.rb:20:in `call'
  actionpack (4.1.4) lib/action_dispatch/middleware/request_id.rb:21:in `call'
  rack (1.5.2) lib/rack/methodoverride.rb:21:in `call'
  rack (1.5.2) lib/rack/runtime.rb:17:in `call'
  activesupport (4.1.4) lib/active_support/cache/strategy/local_cache_middleware.rb:26:in `call'
  rack (1.5.2) lib/rack/lock.rb:17:in `call'
  actionpack (4.1.4) lib/action_dispatch/middleware/static.rb:64:in `call'
  rack (1.5.2) lib/rack/sendfile.rb:112:in `call'
  railties (4.1.4) lib/rails/engine.rb:514:in `call'
  railties (4.1.4) lib/rails/application.rb:144:in `call'
  rack (1.5.2) lib/rack/lock.rb:17:in `call'
  rack (1.5.2) lib/rack/content_length.rb:14:in `call'
  rack (1.5.2) lib/rack/handler/webrick.rb:60:in `service'
  /System/Library/Frameworks/Ruby.framework/Versions/2.0/usr/lib/ruby/2.0.0/webrick/httpserver.rb:138:in `service'
  /System/Library/Frameworks/Ruby.framework/Versions/2.0/usr/lib/ruby/2.0.0/webrick/httpserver.rb:94:in `run'
  /System/Library/Frameworks/Ruby.framework/Versions/2.0/usr/lib/ruby/2.0.0/webrick/server.rb:295:in `block in start_thread'


  Rendered /Library/Ruby/Gems/2.0.0/gems/actionpack-4.1.4/lib/action_dispatch/middleware/templates/rescues/missing_template.html.erb within rescues/layout (0.4ms)


Started GET "/" for 127.0.0.1 at 2014-07-30 20:51:02 +1000
Processing by WelcomeController#index as HTML
  Rendered welcome/index.html.erb within layouts/application (0.5ms)
Completed 200 OK in 505ms (Views: 504.2ms | ActiveRecord: 0.0ms)


Started GET "/assets/articles.css?body=1" for 127.0.0.1 at 2014-07-30 20:51:03 +1000


Started GET "/assets/articles.js?body=1" for 127.0.0.1 at 2014-07-30 20:51:03 +1000


Started GET "/assets/turbolinks.js?body=1" for 127.0.0.1 at 2014-07-30 20:51:03 +1000


Started GET "/assets/welcome.css?body=1" for 127.0.0.1 at 2014-07-30 20:51:03 +1000


Started GET "/assets/application.css?body=1" for 127.0.0.1 at 2014-07-30 20:51:03 +1000


Started GET "/assets/jquery.js?body=1" for 127.0.0.1 at 2014-07-30 20:51:03 +1000


Started GET "/assets/jquery_ujs.js?body=1" for 127.0.0.1 at 2014-07-30 20:51:03 +1000


Started GET "/assets/welcome.js?body=1" for 127.0.0.1 at 2014-07-30 20:51:03 +1000


Started GET "/assets/application.js?body=1" for 127.0.0.1 at 2014-07-30 20:51:03 +1000


Started GET "/articles/" for 127.0.0.1 at 2014-07-30 20:52:13 +1000

AbstractController::ActionNotFound (The action 'index' could not be found for ArticlesController):
  actionpack (4.1.4) lib/abstract_controller/base.rb:131:in `process'
  actionview (4.1.4) lib/action_view/rendering.rb:30:in `process'
  actionpack (4.1.4) lib/action_controller/metal.rb:196:in `dispatch'
  actionpack (4.1.4) lib/action_controller/metal/rack_delegation.rb:13:in `dispatch'
  actionpack (4.1.4) lib/action_controller/metal.rb:232:in `block in action'
  actionpack (4.1.4) lib/action_dispatch/routing/route_set.rb:82:in `call'
  actionpack (4.1.4) lib/action_dispatch/routing/route_set.rb:82:in `dispatch'
  actionpack (4.1.4) lib/action_dispatch/routing/route_set.rb:50:in `call'
  actionpack (4.1.4) lib/action_dispatch/journey/router.rb:71:in `block in call'
  actionpack (4.1.4) lib/action_dispatch/journey/router.rb:59:in `each'
  actionpack (4.1.4) lib/action_dispatch/journey/router.rb:59:in `call'
  actionpack (4.1.4) lib/action_dispatch/routing/route_set.rb:678:in `call'
  rack (1.5.2) lib/rack/etag.rb:23:in `call'
  rack (1.5.2) lib/rack/conditionalget.rb:25:in `call'
  rack (1.5.2) lib/rack/head.rb:11:in `call'
  actionpack (4.1.4) lib/action_dispatch/middleware/params_parser.rb:27:in `call'
  actionpack (4.1.4) lib/action_dispatch/middleware/flash.rb:254:in `call'
  rack (1.5.2) lib/rack/session/abstract/id.rb:225:in `context'
  rack (1.5.2) lib/rack/session/abstract/id.rb:220:in `call'
  actionpack (4.1.4) lib/action_dispatch/middleware/cookies.rb:560:in `call'
  activerecord (4.1.4) lib/active_record/query_cache.rb:36:in `call'
  activerecord (4.1.4) lib/active_record/connection_adapters/abstract/connection_pool.rb:621:in `call'
  activerecord (4.1.4) lib/active_record/migration.rb:380:in `call'
  actionpack (4.1.4) lib/action_dispatch/middleware/callbacks.rb:29:in `block in call'
  activesupport (4.1.4) lib/active_support/callbacks.rb:82:in `run_callbacks'
  actionpack (4.1.4) lib/action_dispatch/middleware/callbacks.rb:27:in `call'
  actionpack (4.1.4) lib/action_dispatch/middleware/reloader.rb:73:in `call'
  actionpack (4.1.4) lib/action_dispatch/middleware/remote_ip.rb:76:in `call'
  actionpack (4.1.4) lib/action_dispatch/middleware/debug_exceptions.rb:17:in `call'
  actionpack (4.1.4) lib/action_dispatch/middleware/show_exceptions.rb:30:in `call'
  railties (4.1.4) lib/rails/rack/logger.rb:38:in `call_app'
  railties (4.1.4) lib/rails/rack/logger.rb:20:in `block in call'
  activesupport (4.1.4) lib/active_support/tagged_logging.rb:68:in `block in tagged'
  activesupport (4.1.4) lib/active_support/tagged_logging.rb:26:in `tagged'
  activesupport (4.1.4) lib/active_support/tagged_logging.rb:68:in `tagged'
  railties (4.1.4) lib/rails/rack/logger.rb:20:in `call'
  actionpack (4.1.4) lib/action_dispatch/middleware/request_id.rb:21:in `call'
  rack (1.5.2) lib/rack/methodoverride.rb:21:in `call'
  rack (1.5.2) lib/rack/runtime.rb:17:in `call'
  activesupport (4.1.4) lib/active_support/cache/strategy/local_cache_middleware.rb:26:in `call'
  rack (1.5.2) lib/rack/lock.rb:17:in `call'
  actionpack (4.1.4) lib/action_dispatch/middleware/static.rb:64:in `call'
  rack (1.5.2) lib/rack/sendfile.rb:112:in `call'
  railties (4.1.4) lib/rails/engine.rb:514:in `call'
  railties (4.1.4) lib/rails/application.rb:144:in `call'
  rack (1.5.2) lib/rack/lock.rb:17:in `call'
  rack (1.5.2) lib/rack/content_length.rb:14:in `call'
  rack (1.5.2) lib/rack/handler/webrick.rb:60:in `service'
  /System/Library/Frameworks/Ruby.framework/Versions/2.0/usr/lib/ruby/2.0.0/webrick/httpserver.rb:138:in `service'
  /System/Library/Frameworks/Ruby.framework/Versions/2.0/usr/lib/ruby/2.0.0/webrick/httpserver.rb:94:in `run'
  /System/Library/Frameworks/Ruby.framework/Versions/2.0/usr/lib/ruby/2.0.0/webrick/server.rb:295:in `block in start_thread'


  Rendered /Library/Ruby/Gems/2.0.0/gems/actionpack-4.1.4/lib/action_dispatch/middleware/templates/rescues/unknown_action.html.erb within rescues/layout (0.5ms)


Started GET "/articles/new" for 127.0.0.1 at 2014-07-30 21:00:26 +1000
Processing by ArticlesController#new as HTML
Completed 500 Internal Server Error in 2ms

ActionView::MissingTemplate (Missing template articles/new, application/new with {:locale=>[:en], :formats=>[:html], :variants=>[], :handlers=>[:erb, :builder, :raw, :ruby, :jbuilder, :coffee]}. Searched in:
  * "/Users/billqxy/Documents/RubyOnRails/blog/app/views"
):
  actionview (4.1.4) lib/action_view/path_set.rb:46:in `find'
  actionview (4.1.4) lib/action_view/lookup_context.rb:124:in `find'
  actionview (4.1.4) lib/action_view/renderer/abstract_renderer.rb:18:in `find_template'
  actionview (4.1.4) lib/action_view/renderer/template_renderer.rb:41:in `determine_template'
  actionview (4.1.4) lib/action_view/renderer/template_renderer.rb:8:in `render'
  actionview (4.1.4) lib/action_view/renderer/renderer.rb:42:in `render_template'
  actionview (4.1.4) lib/action_view/renderer/renderer.rb:23:in `render'
  actionview (4.1.4) lib/action_view/rendering.rb:99:in `_render_template'
  actionpack (4.1.4) lib/action_controller/metal/streaming.rb:217:in `_render_template'
  actionview (4.1.4) lib/action_view/rendering.rb:82:in `render_to_body'
  actionpack (4.1.4) lib/action_controller/metal/rendering.rb:32:in `render_to_body'
  actionpack (4.1.4) lib/action_controller/metal/renderers.rb:32:in `render_to_body'
  actionpack (4.1.4) lib/abstract_controller/rendering.rb:25:in `render'
  actionpack (4.1.4) lib/action_controller/metal/rendering.rb:16:in `render'
  actionpack (4.1.4) lib/action_controller/metal/instrumentation.rb:41:in `block (2 levels) in render'
  activesupport (4.1.4) lib/active_support/core_ext/benchmark.rb:12:in `block in ms'
  /System/Library/Frameworks/Ruby.framework/Versions/2.0/usr/lib/ruby/2.0.0/benchmark.rb:296:in `realtime'
  activesupport (4.1.4) lib/active_support/core_ext/benchmark.rb:12:in `ms'
  actionpack (4.1.4) lib/action_controller/metal/instrumentation.rb:41:in `block in render'
  actionpack (4.1.4) lib/action_controller/metal/instrumentation.rb:84:in `cleanup_view_runtime'
  activerecord (4.1.4) lib/active_record/railties/controller_runtime.rb:25:in `cleanup_view_runtime'
  actionpack (4.1.4) lib/action_controller/metal/instrumentation.rb:40:in `render'
  actionpack (4.1.4) lib/action_controller/metal/implicit_render.rb:10:in `default_render'
  actionpack (4.1.4) lib/action_controller/metal/implicit_render.rb:5:in `send_action'
  actionpack (4.1.4) lib/abstract_controller/base.rb:189:in `process_action'
  actionpack (4.1.4) lib/action_controller/metal/rendering.rb:10:in `process_action'
  actionpack (4.1.4) lib/abstract_controller/callbacks.rb:20:in `block in process_action'
  activesupport (4.1.4) lib/active_support/callbacks.rb:113:in `call'
  activesupport (4.1.4) lib/active_support/callbacks.rb:113:in `call'
  activesupport (4.1.4) lib/active_support/callbacks.rb:229:in `block in halting'
  activesupport (4.1.4) lib/active_support/callbacks.rb:229:in `call'
  activesupport (4.1.4) lib/active_support/callbacks.rb:229:in `block in halting'
  activesupport (4.1.4) lib/active_support/callbacks.rb:166:in `call'
  activesupport (4.1.4) lib/active_support/callbacks.rb:166:in `block in halting'
  activesupport (4.1.4) lib/active_support/callbacks.rb:166:in `call'
  activesupport (4.1.4) lib/active_support/callbacks.rb:166:in `block in halting'
  activesupport (4.1.4) lib/active_support/callbacks.rb:166:in `call'
  activesupport (4.1.4) lib/active_support/callbacks.rb:166:in `block in halting'
  activesupport (4.1.4) lib/active_support/callbacks.rb:86:in `call'
  activesupport (4.1.4) lib/active_support/callbacks.rb:86:in `run_callbacks'
  actionpack (4.1.4) lib/abstract_controller/callbacks.rb:19:in `process_action'
  actionpack (4.1.4) lib/action_controller/metal/rescue.rb:29:in `process_action'
  actionpack (4.1.4) lib/action_controller/metal/instrumentation.rb:31:in `block in process_action'
  activesupport (4.1.4) lib/active_support/notifications.rb:159:in `block in instrument'
  activesupport (4.1.4) lib/active_support/notifications/instrumenter.rb:20:in `instrument'
  activesupport (4.1.4) lib/active_support/notifications.rb:159:in `instrument'
  actionpack (4.1.4) lib/action_controller/metal/instrumentation.rb:30:in `process_action'
  actionpack (4.1.4) lib/action_controller/metal/params_wrapper.rb:250:in `process_action'
  activerecord (4.1.4) lib/active_record/railties/controller_runtime.rb:18:in `process_action'
  actionpack (4.1.4) lib/abstract_controller/base.rb:136:in `process'
  actionview (4.1.4) lib/action_view/rendering.rb:30:in `process'
  actionpack (4.1.4) lib/action_controller/metal.rb:196:in `dispatch'
  actionpack (4.1.4) lib/action_controller/metal/rack_delegation.rb:13:in `dispatch'
  actionpack (4.1.4) lib/action_controller/metal.rb:232:in `block in action'
  actionpack (4.1.4) lib/action_dispatch/routing/route_set.rb:82:in `call'
  actionpack (4.1.4) lib/action_dispatch/routing/route_set.rb:82:in `dispatch'
  actionpack (4.1.4) lib/action_dispatch/routing/route_set.rb:50:in `call'
  actionpack (4.1.4) lib/action_dispatch/journey/router.rb:71:in `block in call'
  actionpack (4.1.4) lib/action_dispatch/journey/router.rb:59:in `each'
  actionpack (4.1.4) lib/action_dispatch/journey/router.rb:59:in `call'
  actionpack (4.1.4) lib/action_dispatch/routing/route_set.rb:678:in `call'
  rack (1.5.2) lib/rack/etag.rb:23:in `call'
  rack (1.5.2) lib/rack/conditionalget.rb:25:in `call'
  rack (1.5.2) lib/rack/head.rb:11:in `call'
  actionpack (4.1.4) lib/action_dispatch/middleware/params_parser.rb:27:in `call'
  actionpack (4.1.4) lib/action_dispatch/middleware/flash.rb:254:in `call'
  rack (1.5.2) lib/rack/session/abstract/id.rb:225:in `context'
  rack (1.5.2) lib/rack/session/abstract/id.rb:220:in `call'
  actionpack (4.1.4) lib/action_dispatch/middleware/cookies.rb:560:in `call'
  activerecord (4.1.4) lib/active_record/query_cache.rb:36:in `call'
  activerecord (4.1.4) lib/active_record/connection_adapters/abstract/connection_pool.rb:621:in `call'
  activerecord (4.1.4) lib/active_record/migration.rb:380:in `call'
  actionpack (4.1.4) lib/action_dispatch/middleware/callbacks.rb:29:in `block in call'
  activesupport (4.1.4) lib/active_support/callbacks.rb:82:in `run_callbacks'
  actionpack (4.1.4) lib/action_dispatch/middleware/callbacks.rb:27:in `call'
  actionpack (4.1.4) lib/action_dispatch/middleware/reloader.rb:73:in `call'
  actionpack (4.1.4) lib/action_dispatch/middleware/remote_ip.rb:76:in `call'
  actionpack (4.1.4) lib/action_dispatch/middleware/debug_exceptions.rb:17:in `call'
  actionpack (4.1.4) lib/action_dispatch/middleware/show_exceptions.rb:30:in `call'
  railties (4.1.4) lib/rails/rack/logger.rb:38:in `call_app'
  railties (4.1.4) lib/rails/rack/logger.rb:20:in `block in call'
  activesupport (4.1.4) lib/active_support/tagged_logging.rb:68:in `block in tagged'
  activesupport (4.1.4) lib/active_support/tagged_logging.rb:26:in `tagged'
  activesupport (4.1.4) lib/active_support/tagged_logging.rb:68:in `tagged'
  railties (4.1.4) lib/rails/rack/logger.rb:20:in `call'
  actionpack (4.1.4) lib/action_dispatch/middleware/request_id.rb:21:in `call'
  rack (1.5.2) lib/rack/methodoverride.rb:21:in `call'
  rack (1.5.2) lib/rack/runtime.rb:17:in `call'
  activesupport (4.1.4) lib/active_support/cache/strategy/local_cache_middleware.rb:26:in `call'
  rack (1.5.2) lib/rack/lock.rb:17:in `call'
  actionpack (4.1.4) lib/action_dispatch/middleware/static.rb:64:in `call'
  rack (1.5.2) lib/rack/sendfile.rb:112:in `call'
  railties (4.1.4) lib/rails/engine.rb:514:in `call'
  railties (4.1.4) lib/rails/application.rb:144:in `call'
  rack (1.5.2) lib/rack/lock.rb:17:in `call'
  rack (1.5.2) lib/rack/content_length.rb:14:in `call'
  rack (1.5.2) lib/rack/handler/webrick.rb:60:in `service'
  /System/Library/Frameworks/Ruby.framework/Versions/2.0/usr/lib/ruby/2.0.0/webrick/httpserver.rb:138:in `service'
  /System/Library/Frameworks/Ruby.framework/Versions/2.0/usr/lib/ruby/2.0.0/webrick/httpserver.rb:94:in `run'
  /System/Library/Frameworks/Ruby.framework/Versions/2.0/usr/lib/ruby/2.0.0/webrick/server.rb:295:in `block in start_thread'


  Rendered /Library/Ruby/Gems/2.0.0/gems/actionpack-4.1.4/lib/action_dispatch/middleware/templates/rescues/missing_template.html.erb within rescues/layout (0.3ms)


Started GET "/articles/new" for 127.0.0.1 at 2014-07-30 21:03:50 +1000

AbstractController::ActionNotFound (The action 'new' could not be found for ArticlesController):
  actionpack (4.1.4) lib/abstract_controller/base.rb:131:in `process'
  actionview (4.1.4) lib/action_view/rendering.rb:30:in `process'
  actionpack (4.1.4) lib/action_controller/metal.rb:196:in `dispatch'
  actionpack (4.1.4) lib/action_controller/metal/rack_delegation.rb:13:in `dispatch'
  actionpack (4.1.4) lib/action_controller/metal.rb:232:in `block in action'
  actionpack (4.1.4) lib/action_dispatch/routing/route_set.rb:82:in `call'
  actionpack (4.1.4) lib/action_dispatch/routing/route_set.rb:82:in `dispatch'
  actionpack (4.1.4) lib/action_dispatch/routing/route_set.rb:50:in `call'
  actionpack (4.1.4) lib/action_dispatch/journey/router.rb:71:in `block in call'
  actionpack (4.1.4) lib/action_dispatch/journey/router.rb:59:in `each'
  actionpack (4.1.4) lib/action_dispatch/journey/router.rb:59:in `call'
  actionpack (4.1.4) lib/action_dispatch/routing/route_set.rb:678:in `call'
  rack (1.5.2) lib/rack/etag.rb:23:in `call'
  rack (1.5.2) lib/rack/conditionalget.rb:25:in `call'
  rack (1.5.2) lib/rack/head.rb:11:in `call'
  actionpack (4.1.4) lib/action_dispatch/middleware/params_parser.rb:27:in `call'
  actionpack (4.1.4) lib/action_dispatch/middleware/flash.rb:254:in `call'
  rack (1.5.2) lib/rack/session/abstract/id.rb:225:in `context'
  rack (1.5.2) lib/rack/session/abstract/id.rb:220:in `call'
  actionpack (4.1.4) lib/action_dispatch/middleware/cookies.rb:560:in `call'
  activerecord (4.1.4) lib/active_record/query_cache.rb:36:in `call'
  activerecord (4.1.4) lib/active_record/connection_adapters/abstract/connection_pool.rb:621:in `call'
  activerecord (4.1.4) lib/active_record/migration.rb:380:in `call'
  actionpack (4.1.4) lib/action_dispatch/middleware/callbacks.rb:29:in `block in call'
  activesupport (4.1.4) lib/active_support/callbacks.rb:82:in `run_callbacks'
  actionpack (4.1.4) lib/action_dispatch/middleware/callbacks.rb:27:in `call'
  actionpack (4.1.4) lib/action_dispatch/middleware/reloader.rb:73:in `call'
  actionpack (4.1.4) lib/action_dispatch/middleware/remote_ip.rb:76:in `call'
  actionpack (4.1.4) lib/action_dispatch/middleware/debug_exceptions.rb:17:in `call'
  actionpack (4.1.4) lib/action_dispatch/middleware/show_exceptions.rb:30:in `call'
  railties (4.1.4) lib/rails/rack/logger.rb:38:in `call_app'
  railties (4.1.4) lib/rails/rack/logger.rb:20:in `block in call'
  activesupport (4.1.4) lib/active_support/tagged_logging.rb:68:in `block in tagged'
  activesupport (4.1.4) lib/active_support/tagged_logging.rb:26:in `tagged'
  activesupport (4.1.4) lib/active_support/tagged_logging.rb:68:in `tagged'
  railties (4.1.4) lib/rails/rack/logger.rb:20:in `call'
  actionpack (4.1.4) lib/action_dispatch/middleware/request_id.rb:21:in `call'
  rack (1.5.2) lib/rack/methodoverride.rb:21:in `call'
  rack (1.5.2) lib/rack/runtime.rb:17:in `call'
  activesupport (4.1.4) lib/active_support/cache/strategy/local_cache_middleware.rb:26:in `call'
  rack (1.5.2) lib/rack/lock.rb:17:in `call'
  actionpack (4.1.4) lib/action_dispatch/middleware/static.rb:64:in `call'
  rack (1.5.2) lib/rack/sendfile.rb:112:in `call'
  railties (4.1.4) lib/rails/engine.rb:514:in `call'
  railties (4.1.4) lib/rails/application.rb:144:in `call'
  rack (1.5.2) lib/rack/lock.rb:17:in `call'
  rack (1.5.2) lib/rack/content_length.rb:14:in `call'
  rack (1.5.2) lib/rack/handler/webrick.rb:60:in `service'
  /System/Library/Frameworks/Ruby.framework/Versions/2.0/usr/lib/ruby/2.0.0/webrick/httpserver.rb:138:in `service'
  /System/Library/Frameworks/Ruby.framework/Versions/2.0/usr/lib/ruby/2.0.0/webrick/httpserver.rb:94:in `run'
  /System/Library/Frameworks/Ruby.framework/Versions/2.0/usr/lib/ruby/2.0.0/webrick/server.rb:295:in `block in start_thread'


  Rendered /Library/Ruby/Gems/2.0.0/gems/actionpack-4.1.4/lib/action_dispatch/middleware/templates/rescues/unknown_action.html.erb within rescues/layout (0.4ms)


Started GET "/articles/new" for 127.0.0.1 at 2014-07-30 21:04:36 +1000
Processing by ArticlesController#new as HTML
Completed 500 Internal Server Error in 1ms

ActionView::MissingTemplate (Missing template articles/new, application/new with {:locale=>[:en], :formats=>[:html], :variants=>[], :handlers=>[:erb, :builder, :raw, :ruby, :jbuilder, :coffee]}. Searched in:
  * "/Users/billqxy/Documents/RubyOnRails/blog/app/views"
):
  actionview (4.1.4) lib/action_view/path_set.rb:46:in `find'
  actionview (4.1.4) lib/action_view/lookup_context.rb:124:in `find'
  actionview (4.1.4) lib/action_view/renderer/abstract_renderer.rb:18:in `find_template'
  actionview (4.1.4) lib/action_view/renderer/template_renderer.rb:41:in `determine_template'
  actionview (4.1.4) lib/action_view/renderer/template_renderer.rb:8:in `render'
  actionview (4.1.4) lib/action_view/renderer/renderer.rb:42:in `render_template'
  actionview (4.1.4) lib/action_view/renderer/renderer.rb:23:in `render'
  actionview (4.1.4) lib/action_view/rendering.rb:99:in `_render_template'
  actionpack (4.1.4) lib/action_controller/metal/streaming.rb:217:in `_render_template'
  actionview (4.1.4) lib/action_view/rendering.rb:82:in `render_to_body'
  actionpack (4.1.4) lib/action_controller/metal/rendering.rb:32:in `render_to_body'
  actionpack (4.1.4) lib/action_controller/metal/renderers.rb:32:in `render_to_body'
  actionpack (4.1.4) lib/abstract_controller/rendering.rb:25:in `render'
  actionpack (4.1.4) lib/action_controller/metal/rendering.rb:16:in `render'
  actionpack (4.1.4) lib/action_controller/metal/instrumentation.rb:41:in `block (2 levels) in render'
  activesupport (4.1.4) lib/active_support/core_ext/benchmark.rb:12:in `block in ms'
  /System/Library/Frameworks/Ruby.framework/Versions/2.0/usr/lib/ruby/2.0.0/benchmark.rb:296:in `realtime'
  activesupport (4.1.4) lib/active_support/core_ext/benchmark.rb:12:in `ms'
  actionpack (4.1.4) lib/action_controller/metal/instrumentation.rb:41:in `block in render'
  actionpack (4.1.4) lib/action_controller/metal/instrumentation.rb:84:in `cleanup_view_runtime'
  activerecord (4.1.4) lib/active_record/railties/controller_runtime.rb:25:in `cleanup_view_runtime'
  actionpack (4.1.4) lib/action_controller/metal/instrumentation.rb:40:in `render'
  actionpack (4.1.4) lib/action_controller/metal/implicit_render.rb:10:in `default_render'
  actionpack (4.1.4) lib/action_controller/metal/implicit_render.rb:5:in `send_action'
  actionpack (4.1.4) lib/abstract_controller/base.rb:189:in `process_action'
  actionpack (4.1.4) lib/action_controller/metal/rendering.rb:10:in `process_action'
  actionpack (4.1.4) lib/abstract_controller/callbacks.rb:20:in `block in process_action'
  activesupport (4.1.4) lib/active_support/callbacks.rb:113:in `call'
  activesupport (4.1.4) lib/active_support/callbacks.rb:113:in `call'
  activesupport (4.1.4) lib/active_support/callbacks.rb:229:in `block in halting'
  activesupport (4.1.4) lib/active_support/callbacks.rb:229:in `call'
  activesupport (4.1.4) lib/active_support/callbacks.rb:229:in `block in halting'
  activesupport (4.1.4) lib/active_support/callbacks.rb:166:in `call'
  activesupport (4.1.4) lib/active_support/callbacks.rb:166:in `block in halting'
  activesupport (4.1.4) lib/active_support/callbacks.rb:166:in `call'
  activesupport (4.1.4) lib/active_support/callbacks.rb:166:in `block in halting'
  activesupport (4.1.4) lib/active_support/callbacks.rb:166:in `call'
  activesupport (4.1.4) lib/active_support/callbacks.rb:166:in `block in halting'
  activesupport (4.1.4) lib/active_support/callbacks.rb:86:in `call'
  activesupport (4.1.4) lib/active_support/callbacks.rb:86:in `run_callbacks'
  actionpack (4.1.4) lib/abstract_controller/callbacks.rb:19:in `process_action'
  actionpack (4.1.4) lib/action_controller/metal/rescue.rb:29:in `process_action'
  actionpack (4.1.4) lib/action_controller/metal/instrumentation.rb:31:in `block in process_action'
  activesupport (4.1.4) lib/active_support/notifications.rb:159:in `block in instrument'
  activesupport (4.1.4) lib/active_support/notifications/instrumenter.rb:20:in `instrument'
  activesupport (4.1.4) lib/active_support/notifications.rb:159:in `instrument'
  actionpack (4.1.4) lib/action_controller/metal/instrumentation.rb:30:in `process_action'
  actionpack (4.1.4) lib/action_controller/metal/params_wrapper.rb:250:in `process_action'
  activerecord (4.1.4) lib/active_record/railties/controller_runtime.rb:18:in `process_action'
  actionpack (4.1.4) lib/abstract_controller/base.rb:136:in `process'
  actionview (4.1.4) lib/action_view/rendering.rb:30:in `process'
  actionpack (4.1.4) lib/action_controller/metal.rb:196:in `dispatch'
  actionpack (4.1.4) lib/action_controller/metal/rack_delegation.rb:13:in `dispatch'
  actionpack (4.1.4) lib/action_controller/metal.rb:232:in `block in action'
  actionpack (4.1.4) lib/action_dispatch/routing/route_set.rb:82:in `call'
  actionpack (4.1.4) lib/action_dispatch/routing/route_set.rb:82:in `dispatch'
  actionpack (4.1.4) lib/action_dispatch/routing/route_set.rb:50:in `call'
  actionpack (4.1.4) lib/action_dispatch/journey/router.rb:71:in `block in call'
  actionpack (4.1.4) lib/action_dispatch/journey/router.rb:59:in `each'
  actionpack (4.1.4) lib/action_dispatch/journey/router.rb:59:in `call'
  actionpack (4.1.4) lib/action_dispatch/routing/route_set.rb:678:in `call'
  rack (1.5.2) lib/rack/etag.rb:23:in `call'
  rack (1.5.2) lib/rack/conditionalget.rb:25:in `call'
  rack (1.5.2) lib/rack/head.rb:11:in `call'
  actionpack (4.1.4) lib/action_dispatch/middleware/params_parser.rb:27:in `call'
  actionpack (4.1.4) lib/action_dispatch/middleware/flash.rb:254:in `call'
  rack (1.5.2) lib/rack/session/abstract/id.rb:225:in `context'
  rack (1.5.2) lib/rack/session/abstract/id.rb:220:in `call'
  actionpack (4.1.4) lib/action_dispatch/middleware/cookies.rb:560:in `call'
  activerecord (4.1.4) lib/active_record/query_cache.rb:36:in `call'
  activerecord (4.1.4) lib/active_record/connection_adapters/abstract/connection_pool.rb:621:in `call'
  activerecord (4.1.4) lib/active_record/migration.rb:380:in `call'
  actionpack (4.1.4) lib/action_dispatch/middleware/callbacks.rb:29:in `block in call'
  activesupport (4.1.4) lib/active_support/callbacks.rb:82:in `run_callbacks'
  actionpack (4.1.4) lib/action_dispatch/middleware/callbacks.rb:27:in `call'
  actionpack (4.1.4) lib/action_dispatch/middleware/reloader.rb:73:in `call'
  actionpack (4.1.4) lib/action_dispatch/middleware/remote_ip.rb:76:in `call'
  actionpack (4.1.4) lib/action_dispatch/middleware/debug_exceptions.rb:17:in `call'
  actionpack (4.1.4) lib/action_dispatch/middleware/show_exceptions.rb:30:in `call'
  railties (4.1.4) lib/rails/rack/logger.rb:38:in `call_app'
  railties (4.1.4) lib/rails/rack/logger.rb:20:in `block in call'
  activesupport (4.1.4) lib/active_support/tagged_logging.rb:68:in `block in tagged'
  activesupport (4.1.4) lib/active_support/tagged_logging.rb:26:in `tagged'
  activesupport (4.1.4) lib/active_support/tagged_logging.rb:68:in `tagged'
  railties (4.1.4) lib/rails/rack/logger.rb:20:in `call'
  actionpack (4.1.4) lib/action_dispatch/middleware/request_id.rb:21:in `call'
  rack (1.5.2) lib/rack/methodoverride.rb:21:in `call'
  rack (1.5.2) lib/rack/runtime.rb:17:in `call'
  activesupport (4.1.4) lib/active_support/cache/strategy/local_cache_middleware.rb:26:in `call'
  rack (1.5.2) lib/rack/lock.rb:17:in `call'
  actionpack (4.1.4) lib/action_dispatch/middleware/static.rb:64:in `call'
  rack (1.5.2) lib/rack/sendfile.rb:112:in `call'
  railties (4.1.4) lib/rails/engine.rb:514:in `call'
  railties (4.1.4) lib/rails/application.rb:144:in `call'
  rack (1.5.2) lib/rack/lock.rb:17:in `call'
  rack (1.5.2) lib/rack/content_length.rb:14:in `call'
  rack (1.5.2) lib/rack/handler/webrick.rb:60:in `service'
  /System/Library/Frameworks/Ruby.framework/Versions/2.0/usr/lib/ruby/2.0.0/webrick/httpserver.rb:138:in `service'
  /System/Library/Frameworks/Ruby.framework/Versions/2.0/usr/lib/ruby/2.0.0/webrick/httpserver.rb:94:in `run'
  /System/Library/Frameworks/Ruby.framework/Versions/2.0/usr/lib/ruby/2.0.0/webrick/server.rb:295:in `block in start_thread'


  Rendered /Library/Ruby/Gems/2.0.0/gems/actionpack-4.1.4/lib/action_dispatch/middleware/templates/rescues/missing_template.html.erb within rescues/layout (0.4ms)


Started GET "/articles/new" for 127.0.0.1 at 2014-07-30 21:06:08 +1000
Processing by ArticlesController#new as HTML
  Rendered articles/new.html.erb within layouts/application (0.5ms)
Completed 200 OK in 7ms (Views: 6.0ms | ActiveRecord: 0.0ms)


Started GET "/assets/articles.css?body=1" for 127.0.0.1 at 2014-07-30 21:06:08 +1000


Started GET "/assets/welcome.css?body=1" for 127.0.0.1 at 2014-07-30 21:06:08 +1000


Started GET "/assets/application.css?body=1" for 127.0.0.1 at 2014-07-30 21:06:08 +1000


Started GET "/assets/articles.js?body=1" for 127.0.0.1 at 2014-07-30 21:06:08 +1000


Started GET "/assets/jquery.js?body=1" for 127.0.0.1 at 2014-07-30 21:06:08 +1000


Started GET "/assets/turbolinks.js?body=1" for 127.0.0.1 at 2014-07-30 21:06:08 +1000


Started GET "/assets/jquery_ujs.js?body=1" for 127.0.0.1 at 2014-07-30 21:06:08 +1000


Started GET "/assets/welcome.js?body=1" for 127.0.0.1 at 2014-07-30 21:06:08 +1000


Started GET "/assets/application.js?body=1" for 127.0.0.1 at 2014-07-30 21:06:08 +1000
